#
# There is insufficient memory for the Java Runtime Environment to continue.
# Native memory allocation (malloc) failed to allocate 1048576 bytes for AllocateHeap
# Possible reasons:
#   The system is out of physical RAM or swap space
#   In 32 bit mode, the process size limit was hit
# Possible solutions:
#   Reduce memory load on the system
#   Increase physical memory or swap space
#   Check if swap backing store is full
#   Use 64 bit Java on a 64 bit OS
#   Decrease Java heap size (-Xmx/-Xms)
#   Decrease number of Java threads
#   Decrease Java thread stack sizes (-Xss)
#   Set larger code cache with -XX:ReservedCodeCacheSize=
# This output file may be truncated or incomplete.
#
#  Out of Memory Error (memory/allocation.inline.hpp:61), pid=6944, tid=8064
#
# JRE version:  (7.0_51-b13) (build )
# Java VM: Java HotSpot(TM) 64-Bit Server VM (24.51-b03 mixed mode windows-amd64 compressed oops)
# Failed to write core dump. Minidumps are not enabled by default on client versions of Windows
#

---------------  T H R E A D  ---------------

Current thread (0x000000000034e800):  JavaThread "Unknown thread" [_thread_in_vm, id=8064, stack(0x00000000024c0000,0x00000000025c0000)]

Stack: [0x00000000024c0000,0x00000000025c0000]

---------------  P R O C E S S  ---------------

Java Threads: ( => current thread )

Other Threads:

=>0x000000000034e800 (exited) JavaThread "Unknown thread" [_thread_in_vm, id=8064, stack(0x00000000024c0000,0x00000000025c0000)]

VM state:not at safepoint (normal execution)

VM Mutex/Monitor currently owned by a thread: None

Heap
 PSYoungGen      total 38400K, used 665K [0x00000007d5e00000, 0x00000007d8880000, 0x0000000800000000)
  eden space 33280K, 2% used [0x00000007d5e00000,0x00000007d5ea66d0,0x00000007d7e80000)
  from space 5120K, 0% used [0x00000007d8380000,0x00000007d8380000,0x00000007d8880000)
  to   space 5120K, 0% used [0x00000007d7e80000,0x00000007d7e80000,0x00000007d8380000)
 ParOldGen       total 86016K, used 0K [0x0000000781a00000, 0x0000000786e00000, 0x00000007d5e00000)
  object space 86016K, 0% used [0x0000000781a00000,0x0000000781a00000,0x0000000786e00000)
 PSPermGen       total 21504K, used 656K [0x000000077c800000, 0x000000077dd00000, 0x0000000781a00000)
  object space 21504K, 3% used [0x000000077c800000,0x000000077c8a41e8,0x000000077dd00000)

Card table byte_map: [0x00000000055c0000,0x00000000059e0000] byte_map_base: 0x00000000019dc000

Polling page: 0x0000000000330000

Code Cache  [0x00000000025c0000, 0x0000000002830000, 0x00000000055c0000)
 total_blobs=38 nmethods=0 adapters=20 free_code_cache=48889Kb largest_free_block=50062528

Compilation events (0 events):
No events

GC Heap History (0 events):
No events

Deoptimization events (0 events):
No events

Internal exceptions (0 events):
No events

Events (10 events):
Event: 0.145 loading class 0x000000000adf03e0
Event: 0.145 loading class 0x000000000adf03e0 done
Event: 0.145 loading class 0x000000000adf0430
Event: 0.145 loading class 0x000000000adf0430 done
Event: 0.145 loading class 0x000000000adf0480
Event: 0.145 loading class 0x000000000adf0480 done
Event: 0.146 loading class 0x000000000adf11e0
Event: 0.146 loading class 0x000000000adf11e0 done
Event: 0.146 loading class 0x000000000adf0e00
Event: 0.146 loading class 0x000000000adf0e00 done


Dynamic libraries:
0x000000013fd30000 - 0x000000013fd63000 	N:\Windows\system32\java.exe
0x00000000774a0000 - 0x0000000077649000 	N:\Windows\SYSTEM32\ntdll.dll
0x0000000077380000 - 0x000000007749f000 	N:\Windows\system32\kernel32.dll
0x000007fefd450000 - 0x000007fefd4bc000 	N:\Windows\system32\KERNELBASE.dll
0x000007feff3c0000 - 0x000007feff49b000 	N:\Windows\system32\ADVAPI32.dll
0x000007fefe7f0000 - 0x000007fefe88f000 	N:\Windows\system32\msvcrt.dll
0x000007fefd620000 - 0x000007fefd63f000 	N:\Windows\SYSTEM32\sechost.dll
0x000007fefeea0000 - 0x000007fefefcd000 	N:\Windows\system32\RPCRT4.dll
0x0000000077280000 - 0x000000007737a000 	N:\Windows\system32\USER32.dll
0x000007fefedb0000 - 0x000007fefee17000 	N:\Windows\system32\GDI32.dll
0x000007fefd980000 - 0x000007fefd98e000 	N:\Windows\system32\LPK.dll
0x000007feff6e0000 - 0x000007feff7a9000 	N:\Windows\system32\USP10.dll
0x000007fefb870000 - 0x000007fefba64000 	N:\Windows\WinSxS\amd64_microsoft.windows.common-controls_6595b64144ccf1df_6.0.7601.17514_none_fa396087175ac9ac\COMCTL32.dll
0x000007fefe750000 - 0x000007fefe7c1000 	N:\Windows\system32\SHLWAPI.dll
0x000007fefe720000 - 0x000007fefe74e000 	N:\Windows\system32\IMM32.DLL
0x000007feff580000 - 0x000007feff689000 	N:\Windows\system32\MSCTF.dll
0x000000005e260000 - 0x000000005e332000 	N:\Program Files\Java\jre7\bin\msvcr100.dll
0x00000000538c0000 - 0x0000000054089000 	N:\Program Files\Java\jre7\bin\server\jvm.dll
0x000007fefa840000 - 0x000007fefa849000 	N:\Windows\system32\WSOCK32.dll
0x000007feff690000 - 0x000007feff6dd000 	N:\Windows\system32\WS2_32.dll
0x000007fefd870000 - 0x000007fefd878000 	N:\Windows\system32\NSI.dll
0x000007fef8630000 - 0x000007fef866b000 	N:\Windows\system32\WINMM.dll
0x0000000077660000 - 0x0000000077667000 	N:\Windows\system32\PSAPI.DLL
0x000000006ef80000 - 0x000000006ef8f000 	N:\Program Files\Java\jre7\bin\verify.dll
0x0000000061680000 - 0x00000000616a8000 	N:\Program Files\Java\jre7\bin\java.dll
0x000000006a670000 - 0x000000006a685000 	N:\Program Files\Java\jre7\bin\zip.dll

VM Arguments:
java_command: <unknown>
Launcher Type: SUN_STANDARD

Environment Variables:
PATH=N:\Program Files\Common Files\Microsoft Shared\Windows Live;N:\Program Files (x86)\Common Files\Microsoft Shared\Windows Live;N:\Program Files (x86)\NVIDIA Corporation\PhysX\Common;N:\ProgramData\Oracle\Java\javapath;N:\Program Files (x86)\AMD APP\bin\x86_64;N:\Program Files (x86)\AMD APP\bin\x86;N:\Windows\system32;N:\Windows;N:\Windows\System32\Wbem;N:\Windows\System32\WindowsPowerShell\v1.0\;N:\Program Files (x86)\ATI Technologies\ATI.ACE\Core-Static;N:\Program Files (x86)\Microsoft SQL Server\100\Tools\Binn\;N:\Program Files\Microsoft SQL Server\100\Tools\Binn\;N:\Program Files\Microsoft SQL Server\100\DTS\Binn\;N:\Program Files\TortoiseSVN\bin;M:\Program Files\Quicktime\QTSystem\;N:\Python27;N:\Program Files (x86)\Windows Live\Shared;N:\Program Files\Microsoft SQL Server\110\Tools\Binn\;N:\Program Files (x86)\GtkSharp\2.12\bin;M:\Program Files\MATLAB\R2014b\runtime\win64;M:\Program Files\MATLAB\R2014b\bin
USERNAME=Moose
OS=Windows_NT
PROCESSOR_IDENTIFIER=Intel64 Family 6 Model 58 Stepping 9, GenuineIntel



---------------  S Y S T E M  ---------------

OS: Windows 7 , 64 bit Build 7601 Service Pack 1

CPU:total 8 (4 cores per cpu, 2 threads per core) family 6 model 58 stepping 9, cmov, cx8, fxsr, mmx, sse, sse2, sse3, ssse3, sse4.1, sse4.2, popcnt, avx, aes, erms, ht, tsc, tscinvbit, tscinv

Memory: 4k page, physical 8280068k(1447184k free), swap 11908396k(1521748k free)

vm_info: Java HotSpot(TM) 64-Bit Server VM (24.51-b03) for windows-amd64 JRE (1.7.0_51-b13), built on Dec 18 2013 18:40:56 by "java_re" with unknown MS VC++:1600

time: Mon Mar 16 21:32:55 2015
elapsed time: 0 seconds

